5.2_Cards_and_colors/TransitionsAnimations/app/build/intermediates/manifest_merge_blame_file/debug/manifest-merger-blame-debug-report.txt
1<?xml version="1.0" encoding="utf-8"?>
2<manifest xmlns:android="http://schemas.android.com/apk/res/android"
3    package="com.shady.transitionsanimations"
4    android:versionCode="1"
5    android:versionName="1.0" >
6
7    <uses-sdk
8        android:minSdkVersion="21"
8-->src\main\AndroidManifest.xml
9        android:targetSdkVersion="28" />
9-->src\main\AndroidManifest.xml
10
11    <application
11-->src\main\AndroidManifest.xml:5:5-27:19
12        android:allowBackup="true"
12-->src\main\AndroidManifest.xml:6:9-35
13        android:debuggable="true"
14        android:icon="@mipmap/ic_launcher"
14-->src\main\AndroidManifest.xml:7:9-43
15        android:label="@string/app_name"
15-->src\main\AndroidManifest.xml:8:9-41
16        android:roundIcon="@mipmap/ic_launcher_round"
16-->src\main\AndroidManifest.xml:9:9-54
17        android:supportsRtl="true"
17-->src\main\AndroidManifest.xml:10:9-35
18        android:testOnly="true"
19        android:theme="@style/AppTheme" >
19-->src\main\AndroidManifest.xml:11:9-40
20        <activity android:name="com.shady.transitionsanimations.MainActivity" >
20-->src\main\AndroidManifest.xml:12:9-19:20
20-->src\main\AndroidManifest.xml:13:13-72
21            <intent-filter>
21-->src\main\AndroidManifest.xml:14:13-18:29
22                <action android:name="android.intent.action.MAIN" />
22-->src\main\AndroidManifest.xml:15:17-69
22-->src\main\AndroidManifest.xml:15:25-66
23
24                <category android:name="android.intent.category.LAUNCHER" />
24-->src\main\AndroidManifest.xml:17:17-77
24-->src\main\AndroidManifest.xml:17:27-74
25            </intent-filter>
26        </activity>
27        <activity
27-->src\main\AndroidManifest.xml:20:9-26:20
28            android:name="com.shady.transitionsanimations.SecondActivity"
28-->src\main\AndroidManifest.xml:21:13-74
29            android:parentActivityName="com.shady.transitionsanimations.MainActivity" >
29-->src\main\AndroidManifest.xml:22:13-86
30            <meta-data
30-->src\main\AndroidManifest.xml:23:13-25:80
31                android:name="android.support.PARENT_ACTIVITY"
31-->src\main\AndroidManifest.xml:24:17-63
32                android:value="com.shady.transitionsanimations.MainActivity" />
32-->src\main\AndroidManifest.xml:25:17-77
33        </activity>
34    </application>
35
36</manifest>